<?xml version="1.0" encoding="UTF-8"?>
<testsuite xmlns:xsi="http://www.w3.org/2001/XMLSchema-instance" xsi:noNamespaceSchemaLocation="https://maven.apache.org/surefire/maven-surefire-plugin/xsd/surefire-test-report.xsd" name="lucenex.SamplesTest" time="2.283" tests="17" errors="0" skipped="0" failures="0">
  <properties>
[...]
</properties>
  <testcase name="testIndexingAndSearchTQOnStringField" classname="lucenex.SamplesTest" time="0.78"/>
  <testcase name="testHomework2" classname="lucenex.SamplesTest" time="0.133"/>
  <testcase name="testIndexingAndSearchQPHomework" classname="lucenex.SamplesTest" time="0.175"/>
  <testcase name="testReaderFile" classname="lucenex.SamplesTest" time="0.003"/>
  <testcase name="testAnalyzer" classname="lucenex.SamplesTest" time="0.022"/>
  <testcase name="testIndexingAndSearchAllWithCodec" classname="lucenex.SamplesTest" time="0.122"/>
  <testcase name="testRankingWithDifferentSimilarities" classname="lucenex.SamplesTest" time="0.236"/>
  <testcase name="testIndexingAndSearchBQ" classname="lucenex.SamplesTest" time="0.079"/>
  <testcase name="testIndexingAndSearchPQ" classname="lucenex.SamplesTest" time="0.063"/>
  <testcase name="testIndexingAndSearchQP" classname="lucenex.SamplesTest" time="0.051"/>
  <testcase name="testIndexingAndSearchTQ" classname="lucenex.SamplesTest" time="0.044"/>
  <testcase name="testIndexingAndSearchPQWithSlop" classname="lucenex.SamplesTest" time="0.06"/>
  <testcase name="testIndexingAndSearchAllHomework2" classname="lucenex.SamplesTest" time="0.082"/>
  <testcase name="testIndexStatistics" classname="lucenex.SamplesTest" time="0.046"/>
  <testcase name="testIndexingAndSearchPQHomework" classname="lucenex.SamplesTest" time="0.07"/>
  <testcase name="testIndexingAndSearchAll" classname="lucenex.SamplesTest" time="0.077"/>
  <testcase name="testIndexingAndSearchPQ2" classname="lucenex.SamplesTest" time="0.166"/>
</testsuite>