<?xml version="1.0" encoding="UTF-8"?>
<testsuite xmlns:xsi="http://www.w3.org/2001/XMLSchema-instance" xsi:noNamespaceSchemaLocation="https://maven.apache.org/surefire/maven-surefire-plugin/xsd/surefire-test-report.xsd" name="lucenex.SamplesTest" time="2.08" tests="17" errors="0" skipped="0" failures="0">
  <properties>
[...]
</properties>
  <testcase name="testIndexingAndSearchTQOnStringField" classname="lucenex.SamplesTest" time="0.632"/>
  <testcase name="testHomework2" classname="lucenex.SamplesTest" time="0.096"/>
  <testcase name="testIndexingAndSearchQPHomework" classname="lucenex.SamplesTest" time="0.189"/>
  <testcase name="testReaderFile" classname="lucenex.SamplesTest" time="0"/>
  <testcase name="testAnalyzer" classname="lucenex.SamplesTest" time="0.021"/>
  <testcase name="testIndexingAndSearchAllWithCodec" classname="lucenex.SamplesTest" time="0.084"/>
  <testcase name="testRankingWithDifferentSimilarities" classname="lucenex.SamplesTest" time="0.157"/>
  <testcase name="testIndexingAndSearchBQ" classname="lucenex.SamplesTest" time="0.109"/>
  <testcase name="testIndexingAndSearchPQ" classname="lucenex.SamplesTest" time="0.043"/>
  <testcase name="testIndexingAndSearchQP" classname="lucenex.SamplesTest" time="0.058"/>
  <testcase name="testIndexingAndSearchTQ" classname="lucenex.SamplesTest" time="0.114"/>
  <testcase name="testIndexingAndSearchPQWithSlop" classname="lucenex.SamplesTest" time="0.056"/>
  <testcase name="testIndexingAndSearchAllHomework2" classname="lucenex.SamplesTest" time="0.055"/>
  <testcase name="testIndexStatistics" classname="lucenex.SamplesTest" time="0.059"/>
  <testcase name="testIndexingAndSearchPQHomework" classname="lucenex.SamplesTest" time="0.112"/>
  <testcase name="testIndexingAndSearchAll" classname="lucenex.SamplesTest" time="0.181"/>
  <testcase name="testIndexingAndSearchPQ2" classname="lucenex.SamplesTest" time="0.042"/>
</testsuite>